[ 2016-04-25T01:04:33+08:00 ] 127.0.0.1 /index.php/Admin/Category/indexCategory
ERR: Think\Controller:tree方法不存在！

[ 2016-04-25T01:17:27+08:00 ] 127.0.0.1 /index.php/Admin/Category/indexCategory
ERR: Think\Controller:select方法不存在！

[ 2016-04-25T01:30:11+08:00 ] 127.0.0.1 /index.php/Admin/Blog/deleteBlog/id/536
ERR: Think\Model:error方法不存在！

[ 2016-04-25T01:30:15+08:00 ] 127.0.0.1 /index.php/Admin/Blog/deleteBlog/id/537
ERR: Think\Model:success方法不存在！

[ 2016-04-25T01:30:49+08:00 ] 127.0.0.1 /index.php/Admin/Blog/deleteBlog/id/538
ERR: 模板不存在:E:/wamp/apache/htdocs/Admin/View/Blog/deleteBlog.html

[ 2016-04-25T01:30:50+08:00 ] 127.0.0.1 /index.php/Admin/Blog/createBlog.html
ERR: Think\Controller:tree方法不存在！

[ 2016-04-25T01:31:03+08:00 ] 127.0.0.1 /index.php/Admin/Blog/createBlog.html
ERR: Think\Controller:tree方法不存在！

[ 2016-04-25T01:31:14+08:00 ] 127.0.0.1 /index.php/Admin/Blog/deleteBlog/id/539
ERR: 模板不存在:E:/wamp/apache/htdocs/Admin/View/Blog/deleteBlog.html

[ 2016-04-25T01:31:20+08:00 ] 127.0.0.1 /index.php/Admin/Blog/deleteBlog/id/540
ERR: 模板不存在:E:/wamp/apache/htdocs/Admin/View/Blog/deleteBlog.html

[ 2016-04-25T01:31:22+08:00 ] 127.0.0.1 /index.php/Admin/Blog/deleteBlog/id/541
ERR: 模板不存在:E:/wamp/apache/htdocs/Admin/View/Blog/deleteBlog.html

[ 2016-04-25T01:31:24+08:00 ] 127.0.0.1 /index.php/Admin/Blog/deleteBlog/id/542
ERR: 模板不存在:E:/wamp/apache/htdocs/Admin/View/Blog/deleteBlog.html

[ 2016-04-25T01:31:26+08:00 ] 127.0.0.1 /index.php/Admin/Blog/deleteBlog/id/543
ERR: 模板不存在:E:/wamp/apache/htdocs/Admin/View/Blog/deleteBlog.html

[ 2016-04-25T01:39:20+08:00 ] 127.0.0.1 /index.php/Admin/Blog/createBlog
ERR: Think\Controller:tree方法不存在！

[ 2016-04-25T01:39:32+08:00 ] 127.0.0.1 /index.php/Admin/Blog/createBlog
ERR: Think\Controller:tree方法不存在！

[ 2016-04-25T10:06:48+08:00 ] 127.0.0.1 /index.php/Admin/Category/createCategory
ERR: 1364:Field 'parent_id' doesn't have a default value
 [ SQL语句 ] : INSERT INTO `category` (`name`) VALUES ('34')

[ 2016-04-25T11:26:11+08:00 ] 127.0.0.1 /index.php/admin/index.php?c=b/login&a=captcha
ERR: 无法加载控制器:Index.php

[ 2016-04-25T11:37:34+08:00 ] 127.0.0.1 /index.php/admin/index.php?c=b/login&a=captcha
ERR: 无法加载控制器:Index.php

[ 2016-04-25T11:44:28+08:00 ] 127.0.0.1 /index.php/admin/index.php?c=b/login&a=captcha&again=0.9623356880885083
ERR: 无法加载控制器:Index.php

[ 2016-04-25T11:44:29+08:00 ] 127.0.0.1 /index.php/admin/index.php?c=b/login&a=captcha&again=0.10868198601265888
ERR: 无法加载控制器:Index.php

[ 2016-04-25T11:44:30+08:00 ] 127.0.0.1 /index.php/admin/index.php?c=b/login&a=captcha&again=0.04231414514686804
ERR: 无法加载控制器:Index.php

[ 2016-04-25T11:44:45+08:00 ] 127.0.0.1 /index.php/Admin/User/captcha0.6865815299092122
ERR: 非法操作:captcha0.6865815299092122

[ 2016-04-25T11:44:46+08:00 ] 127.0.0.1 /index.php/Admin/User/captcha0.8912994876465494
ERR: 非法操作:captcha0.8912994876465494

[ 2016-04-25T11:44:46+08:00 ] 127.0.0.1 /index.php/Admin/User/captcha0.9046441038745072
ERR: 非法操作:captcha0.9046441038745072

[ 2016-04-25T11:44:46+08:00 ] 127.0.0.1 /index.php/Admin/User/captcha0.024024551974428654
ERR: 非法操作:captcha0.024024551974428654

[ 2016-04-25T11:44:46+08:00 ] 127.0.0.1 /index.php/Admin/User/captcha0.38262402343908963
ERR: 非法操作:captcha0.38262402343908963

[ 2016-04-25T12:05:25+08:00 ] 127.0.0.1 /index.php/admin/user/login
ERR: 非法操作:login

[ 2016-04-25T15:32:38+08:00 ] 127.0.0.1 /index.php/Admin/User/index.html
ERR: 1146:Table 'blog.user' doesn't exist
 [ SQL语句 ] : SHOW COLUMNS FROM `user`

[ 2016-04-25T15:33:40+08:00 ] 127.0.0.1 /index.php/Admin/User/index.html
ERR: 1146:Table 'blog.user' doesn't exist
 [ SQL语句 ] : SHOW COLUMNS FROM `user`

[ 2016-04-25T16:00:56+08:00 ] 127.0.0.1 /index.php/Admin/user
ERR: 1064:You have an error in your SQL syntax; check the manual that corresponds to your MySQL server version for the right syntax to use near 'WHERE ( id=1 )' at line 1
 [ SQL语句 ] : UPDATE `admin` SET  WHERE ( id=1 )

[ 2016-04-25T16:01:48+08:00 ] 127.0.0.1 /index.php/Admin/User/index.html
ERR: 1064:You have an error in your SQL syntax; check the manual that corresponds to your MySQL server version for the right syntax to use near 'WHERE ( id=1 )' at line 1
 [ SQL语句 ] : UPDATE `admin` SET  WHERE ( id=1 )

[ 2016-04-25T19:19:57+08:00 ] 127.0.0.1 /index.php/Admin/Index/index.php
ERR: 非法操作:index.php

[ 2016-04-25T20:07:35+08:00 ] 127.0.0.1 /index.php/Admin/System/indexSystem
ERR: 模板不存在:E:/wamp/apache/htdocs/Admin/View/System/indexSystem.html

[ 2016-04-25T22:06:54+08:00 ] 127.0.0.1 /index.php/Admin/200
ERR: 无法加载控制器:200

[ 2016-04-25T22:06:59+08:00 ] 127.0.0.1 /index.php/Admin/200
ERR: 无法加载控制器:200

[ 2016-04-25T22:55:39+08:00 ] 127.0.0.1 /index.php/Admin%20/Blog/showCategory?parent_id=0
INFO: [ app_begin ] --START--
INFO: Run Behavior\ReadHtmlCacheBehavior [ RunTime:0.000917s ]
INFO: [ app_begin ] --END-- [ RunTime:0.001537s ]
ERR: 1146:Table 'blog.cagtegory' doesn't exist
 [ SQL语句 ] : SHOW COLUMNS FROM `cagtegory`
ERR: 1146:Table 'blog.cagtegory' doesn't exist
 [ SQL语句 ] : SHOW COLUMNS FROM `cagtegory`

[ 2016-04-25T22:56:11+08:00 ] 127.0.0.1 /index.php/Admin%20/Blog/showCategory
INFO: [ app_begin ] --START--
INFO: Run Behavior\ReadHtmlCacheBehavior [ RunTime:0.000581s ]
INFO: [ app_begin ] --END-- [ RunTime:0.001003s ]
ERR: 1146:Table 'blog.cagtegory' doesn't exist
 [ SQL语句 ] : SHOW COLUMNS FROM `cagtegory`
ERR: 1146:Table 'blog.cagtegory' doesn't exist
 [ SQL语句 ] : SHOW COLUMNS FROM `cagtegory`

[ 2016-04-25T22:56:40+08:00 ] 127.0.0.1 /index.php/Admin/Blog/showCategory
INFO: [ app_begin ] --START--
INFO: Run Behavior\ReadHtmlCacheBehavior [ RunTime:0.001104s ]
INFO: [ app_begin ] --END-- [ RunTime:0.002311s ]
ERR: 1146:Table 'blog.cagtegory' doesn't exist
 [ SQL语句 ] : SHOW COLUMNS FROM `cagtegory`
ERR: 1146:Table 'blog.cagtegory' doesn't exist
 [ SQL语句 ] : SHOW COLUMNS FROM `cagtegory`

[ 2016-04-25T22:57:26+08:00 ] 127.0.0.1 /index.php/Admin/Blog/showCategory
INFO: [ app_begin ] --START--
INFO: Run Behavior\ReadHtmlCacheBehavior [ RunTime:0.001097s ]
INFO: [ app_begin ] --END-- [ RunTime:0.001699s ]
ERR: 1146:Table 'blog.cagtegory' doesn't exist
 [ SQL语句 ] : SHOW COLUMNS FROM `cagtegory`
ERR: 1146:Table 'blog.cagtegory' doesn't exist
 [ SQL语句 ] : SHOW COLUMNS FROM `cagtegory`

[ 2016-04-25T22:58:09+08:00 ] 127.0.0.1 /index.php/Admin/Blog/showCategory
INFO: [ app_begin ] --START--
INFO: Run Behavior\ReadHtmlCacheBehavior [ RunTime:0.000577s ]
INFO: [ app_begin ] --END-- [ RunTime:0.001033s ]
ERR: 1146:Table 'blog.cagtegory' doesn't exist
 [ SQL语句 ] : SHOW COLUMNS FROM `cagtegory`
ERR: 1146:Table 'blog.cagtegory' doesn't exist
 [ SQL语句 ] : SHOW COLUMNS FROM `cagtegory`

[ 2016-04-25T22:59:09+08:00 ] 127.0.0.1 /index.php/Admin/Blog/showCategory
INFO: [ app_begin ] --START--
INFO: Run Behavior\ReadHtmlCacheBehavior [ RunTime:0.000576s ]
INFO: [ app_begin ] --END-- [ RunTime:0.001129s ]
ERR: 1146:Table 'blog.cagtegory' doesn't exist
 [ SQL语句 ] : SHOW COLUMNS FROM `cagtegory`
ERR: 1146:Table 'blog.cagtegory' doesn't exist
 [ SQL语句 ] : SHOW COLUMNS FROM `cagtegory`

[ 2016-04-25T22:59:15+08:00 ] 127.0.0.1 /index.php/Admin/Blog/showCategory
INFO: [ app_begin ] --START--
INFO: Run Behavior\ReadHtmlCacheBehavior [ RunTime:0.000807s ]
INFO: [ app_begin ] --END-- [ RunTime:0.001215s ]
ERR: 1146:Table 'blog.cagtegory' doesn't exist
 [ SQL语句 ] : SHOW COLUMNS FROM `cagtegory`
ERR: 1146:Table 'blog.cagtegory' doesn't exist
 [ SQL语句 ] : SHOW COLUMNS FROM `cagtegory`

[ 2016-04-25T23:00:03+08:00 ] 127.0.0.1 /index.php/Admin/Blog/showCategory/id/0?parent_id=0
INFO: [ app_begin ] --START--
INFO: Run Behavior\ReadHtmlCacheBehavior [ RunTime:0.000628s ]
INFO: [ app_begin ] --END-- [ RunTime:0.001056s ]
ERR: 1146:Table 'blog.cagtegory' doesn't exist
 [ SQL语句 ] : SHOW COLUMNS FROM `cagtegory`
ERR: 1146:Table 'blog.cagtegory' doesn't exist
 [ SQL语句 ] : SHOW COLUMNS FROM `cagtegory`

[ 2016-04-25T23:01:29+08:00 ] 127.0.0.1 /index.php/Admin/Blog/showCategory
INFO: [ app_begin ] --START--
INFO: Run Behavior\ReadHtmlCacheBehavior [ RunTime:0.000560s ]
INFO: [ app_begin ] --END-- [ RunTime:0.000960s ]
INFO: [ app_end ] --START--
INFO: Run Behavior\ShowPageTraceBehavior [ RunTime:0.001025s ]
INFO: [ app_end ] --END-- [ RunTime:0.001200s ]

[ 2016-04-25T23:02:02+08:00 ] 127.0.0.1 /index.php/Admin/Blog/showCategory
INFO: [ app_begin ] --START--
INFO: Run Behavior\ReadHtmlCacheBehavior [ RunTime:0.000578s ]
INFO: [ app_begin ] --END-- [ RunTime:0.001011s ]
INFO: [ app_end ] --START--
INFO: Run Behavior\ShowPageTraceBehavior [ RunTime:0.000615s ]
INFO: [ app_end ] --END-- [ RunTime:0.000704s ]

[ 2016-04-25T23:08:03+08:00 ] 127.0.0.1 /index.php/Admin/Blog/showCategory
INFO: [ app_begin ] --START--
INFO: Run Behavior\ReadHtmlCacheBehavior [ RunTime:0.001082s ]
INFO: [ app_begin ] --END-- [ RunTime:0.001893s ]
SQL: SHOW COLUMNS FROM `category` [ RunTime:0.0041s ]
SQL: SELECT * FROM `category` WHERE `id` = 0  [ RunTime:0.0004s ]
INFO: [ app_end ] --START--
INFO: Run Behavior\ShowPageTraceBehavior [ RunTime:0.000768s ]
INFO: [ app_end ] --END-- [ RunTime:0.000851s ]

[ 2016-04-25T23:08:15+08:00 ] 127.0.0.1 /index.php/Admin/Blog/showCategory
INFO: [ app_begin ] --START--
INFO: Run Behavior\ReadHtmlCacheBehavior [ RunTime:0.000875s ]
INFO: [ app_begin ] --END-- [ RunTime:0.001499s ]
SQL: SHOW COLUMNS FROM `category` [ RunTime:0.0045s ]
SQL: SELECT * FROM `category` WHERE `id` = 0  [ RunTime:0.0004s ]
INFO: [ app_end ] --START--
INFO: Run Behavior\ShowPageTraceBehavior [ RunTime:0.001081s ]
INFO: [ app_end ] --END-- [ RunTime:0.001215s ]

[ 2016-04-25T23:08:36+08:00 ] 127.0.0.1 /index.php/Admin/Blog/showCategory
INFO: [ app_begin ] --START--
INFO: Run Behavior\ReadHtmlCacheBehavior [ RunTime:0.000715s ]
INFO: [ app_begin ] --END-- [ RunTime:0.001330s ]
SQL: SHOW COLUMNS FROM `category` [ RunTime:0.0049s ]
SQL: SELECT * FROM `category` WHERE `id` = 0  [ RunTime:0.0003s ]
INFO: [ app_end ] --START--
INFO: Run Behavior\ShowPageTraceBehavior [ RunTime:0.000714s ]
INFO: [ app_end ] --END-- [ RunTime:0.000808s ]

[ 2016-04-25T23:09:09+08:00 ] 127.0.0.1 /index.php/Admin/Blog/showCategory
INFO: [ app_begin ] --START--
INFO: Run Behavior\ReadHtmlCacheBehavior [ RunTime:0.000567s ]
INFO: [ app_begin ] --END-- [ RunTime:0.000972s ]
SQL: SHOW COLUMNS FROM `category` [ RunTime:0.0044s ]
SQL: SELECT * FROM `category` WHERE `id` = 0  [ RunTime:0.0003s ]
INFO: [ app_end ] --START--
INFO: Run Behavior\ShowPageTraceBehavior [ RunTime:0.000698s ]
INFO: [ app_end ] --END-- [ RunTime:0.000787s ]

[ 2016-04-25T23:09:46+08:00 ] 127.0.0.1 /index.php/Admin/Blog/showCategory
INFO: [ app_begin ] --START--
INFO: Run Behavior\ReadHtmlCacheBehavior [ RunTime:0.000674s ]
INFO: [ app_begin ] --END-- [ RunTime:0.001144s ]
SQL: SHOW COLUMNS FROM `category` [ RunTime:0.0043s ]
SQL: SELECT * FROM `category` WHERE ( parent_id=0 )  [ RunTime:0.0005s ]
INFO: [ app_end ] --START--
INFO: Run Behavior\ShowPageTraceBehavior [ RunTime:0.001006s ]
INFO: [ app_end ] --END-- [ RunTime:0.001145s ]

[ 2016-04-25T23:10:09+08:00 ] 127.0.0.1 /index.php/Admin/Blog/showCategory
INFO: [ app_begin ] --START--
INFO: Run Behavior\ReadHtmlCacheBehavior [ RunTime:0.000814s ]
INFO: [ app_begin ] --END-- [ RunTime:0.001265s ]
SQL: SHOW COLUMNS FROM `category` [ RunTime:0.0045s ]
SQL: SELECT * FROM `category` WHERE ( parent_id=0 )  [ RunTime:0.0004s ]
INFO: [ app_end ] --START--
INFO: Run Behavior\ShowPageTraceBehavior [ RunTime:0.001051s ]
INFO: [ app_end ] --END-- [ RunTime:0.001176s ]

[ 2016-04-25T23:11:10+08:00 ] 127.0.0.1 /index.php/Admin/Blog/showCategory
INFO: [ app_begin ] --START--
INFO: Run Behavior\ReadHtmlCacheBehavior [ RunTime:0.000606s ]
INFO: [ app_begin ] --END-- [ RunTime:0.001032s ]
SQL: SHOW COLUMNS FROM `category` [ RunTime:0.0044s ]
SQL: SELECT * FROM `category` WHERE ( parent_id=0 )  [ RunTime:0.0005s ]
INFO: [ app_end ] --START--
INFO: Run Behavior\ShowPageTraceBehavior [ RunTime:0.000881s ]
INFO: [ app_end ] --END-- [ RunTime:0.000980s ]

[ 2016-04-25T23:11:18+08:00 ] 127.0.0.1 /index.php/Admin/Blog/showCategory
INFO: [ app_begin ] --START--
INFO: Run Behavior\ReadHtmlCacheBehavior [ RunTime:0.000882s ]
INFO: [ app_begin ] --END-- [ RunTime:0.001511s ]
SQL: SHOW COLUMNS FROM `category` [ RunTime:0.0044s ]
SQL: SELECT * FROM `category` WHERE ( parent_id=0 )  [ RunTime:0.0005s ]
INFO: [ app_end ] --START--
INFO: Run Behavior\ShowPageTraceBehavior [ RunTime:0.000786s ]
INFO: [ app_end ] --END-- [ RunTime:0.000879s ]

[ 2016-04-25T23:11:26+08:00 ] 127.0.0.1 /index.php/Admin/Blog/showCategory
INFO: [ app_begin ] --START--
INFO: Run Behavior\ReadHtmlCacheBehavior [ RunTime:0.000568s ]
INFO: [ app_begin ] --END-- [ RunTime:0.000998s ]
SQL: SHOW COLUMNS FROM `category` [ RunTime:0.0048s ]
SQL: SELECT * FROM `category` WHERE ( parent_id=0 )  [ RunTime:0.0005s ]
INFO: [ app_end ] --START--
INFO: Run Behavior\ShowPageTraceBehavior [ RunTime:0.000978s ]
INFO: [ app_end ] --END-- [ RunTime:0.001092s ]

[ 2016-04-25T23:11:42+08:00 ] 127.0.0.1 /index.php/Admin/Blog/showCategory
INFO: [ app_begin ] --START--
INFO: Run Behavior\ReadHtmlCacheBehavior [ RunTime:0.000828s ]
INFO: [ app_begin ] --END-- [ RunTime:0.001243s ]
SQL: SHOW COLUMNS FROM `category` [ RunTime:0.0040s ]
SQL: SELECT * FROM `category` WHERE ( parent_id=0 )  [ RunTime:0.0004s ]
INFO: [ app_end ] --START--
INFO: Run Behavior\ShowPageTraceBehavior [ RunTime:0.000975s ]
INFO: [ app_end ] --END-- [ RunTime:0.001086s ]

[ 2016-04-25T23:12:11+08:00 ] 127.0.0.1 /index.php/Admin/Blog/showCategory
INFO: [ app_begin ] --START--
INFO: Run Behavior\ReadHtmlCacheBehavior [ RunTime:0.000866s ]
INFO: [ app_begin ] --END-- [ RunTime:0.001483s ]
SQL: SHOW COLUMNS FROM `category` [ RunTime:0.0042s ]
SQL: SELECT * FROM `category` WHERE ( parent_id=0 )  [ RunTime:0.0004s ]
INFO: [ app_end ] --START--
INFO: Run Behavior\ShowPageTraceBehavior [ RunTime:0.000711s ]
INFO: [ app_end ] --END-- [ RunTime:0.000783s ]

[ 2016-04-25T23:21:26+08:00 ] 127.0.0.1 /index.php/Admin/Blog/showCategory
INFO: [ app_begin ] --START--
INFO: Run Behavior\ReadHtmlCacheBehavior [ RunTime:0.000723s ]
INFO: [ app_begin ] --END-- [ RunTime:0.001156s ]
SQL: SHOW COLUMNS FROM `category` [ RunTime:0.0042s ]
SQL: SELECT * FROM `category` WHERE ( parent_id=0 )  [ RunTime:0.0003s ]
INFO: [ app_end ] --START--
INFO: Run Behavior\ShowPageTraceBehavior [ RunTime:0.000900s ]
INFO: [ app_end ] --END-- [ RunTime:0.001000s ]

[ 2016-04-25T23:21:35+08:00 ] 127.0.0.1 /index.php/Admin/Blog/showCategory
INFO: [ app_begin ] --START--
INFO: Run Behavior\ReadHtmlCacheBehavior [ RunTime:0.001197s ]
INFO: [ app_begin ] --END-- [ RunTime:0.001917s ]
SQL: SHOW COLUMNS FROM `category` [ RunTime:0.0039s ]
SQL: SELECT * FROM `category` WHERE ( parent_id=0 )  [ RunTime:0.0003s ]
INFO: [ app_end ] --START--
INFO: Run Behavior\ShowPageTraceBehavior [ RunTime:0.000874s ]
INFO: [ app_end ] --END-- [ RunTime:0.000956s ]

[ 2016-04-25T23:24:17+08:00 ] 127.0.0.1 /index.php/Admin/Blog/showCategory
INFO: [ app_begin ] --START--
INFO: Run Behavior\ReadHtmlCacheBehavior [ RunTime:0.000859s ]
INFO: [ app_begin ] --END-- [ RunTime:0.001459s ]
SQL: SHOW COLUMNS FROM `category` [ RunTime:0.0048s ]
SQL: SELECT * FROM `category` WHERE ( parent_id=0 )  [ RunTime:0.0003s ]
INFO: [ app_end ] --START--
INFO: Run Behavior\ShowPageTraceBehavior [ RunTime:0.000695s ]
INFO: [ app_end ] --END-- [ RunTime:0.000773s ]

[ 2016-04-25T23:26:06+08:00 ] 127.0.0.1 /index.php/Admin/Blog/showCategory
INFO: [ app_begin ] --START--
INFO: Run Behavior\ReadHtmlCacheBehavior [ RunTime:0.000578s ]
INFO: [ app_begin ] --END-- [ RunTime:0.000978s ]
SQL: SHOW COLUMNS FROM `category` [ RunTime:0.0043s ]
SQL: SELECT * FROM `category` WHERE ( parent_id=0 )  [ RunTime:0.0003s ]
INFO: [ app_end ] --START--
INFO: Run Behavior\ShowPageTraceBehavior [ RunTime:0.001004s ]
INFO: [ app_end ] --END-- [ RunTime:0.001120s ]

[ 2016-04-25T23:26:08+08:00 ] 127.0.0.1 /index.php/Admin/Blog/showCategory
INFO: [ app_begin ] --START--
INFO: Run Behavior\ReadHtmlCacheBehavior [ RunTime:0.000722s ]
INFO: [ app_begin ] --END-- [ RunTime:0.001178s ]
SQL: SHOW COLUMNS FROM `category` [ RunTime:0.0039s ]
SQL: SELECT * FROM `category` WHERE ( parent_id=0 )  [ RunTime:0.0004s ]
INFO: [ app_end ] --START--
INFO: Run Behavior\ShowPageTraceBehavior [ RunTime:0.001020s ]
INFO: [ app_end ] --END-- [ RunTime:0.001120s ]

[ 2016-04-25T23:26:09+08:00 ] 127.0.0.1 /index.php/Admin/Blog/showCategory
INFO: [ app_begin ] --START--
INFO: Run Behavior\ReadHtmlCacheBehavior [ RunTime:0.000553s ]
INFO: [ app_begin ] --END-- [ RunTime:0.000963s ]
SQL: SHOW COLUMNS FROM `category` [ RunTime:0.0043s ]
SQL: SELECT * FROM `category` WHERE ( parent_id=32 )  [ RunTime:0.0004s ]
INFO: [ app_end ] --START--
INFO: Run Behavior\ShowPageTraceBehavior [ RunTime:0.000986s ]
INFO: [ app_end ] --END-- [ RunTime:0.001099s ]

[ 2016-04-25T23:26:11+08:00 ] 127.0.0.1 /index.php/Admin/Blog/showCategory
INFO: [ app_begin ] --START--
INFO: Run Behavior\ReadHtmlCacheBehavior [ RunTime:0.000582s ]
INFO: [ app_begin ] --END-- [ RunTime:0.000974s ]
SQL: SHOW COLUMNS FROM `category` [ RunTime:0.0033s ]
SQL: SELECT * FROM `category` WHERE ( parent_id=33 )  [ RunTime:0.0004s ]
INFO: [ app_end ] --START--
INFO: Run Behavior\ShowPageTraceBehavior [ RunTime:0.000714s ]
INFO: [ app_end ] --END-- [ RunTime:0.000793s ]

[ 2016-04-25T23:26:16+08:00 ] 127.0.0.1 /index.php/Admin/Blog/showCategory
INFO: [ app_begin ] --START--
INFO: Run Behavior\ReadHtmlCacheBehavior [ RunTime:0.000606s ]
INFO: [ app_begin ] --END-- [ RunTime:0.001064s ]
SQL: SHOW COLUMNS FROM `category` [ RunTime:0.0038s ]
SQL: SELECT * FROM `category` WHERE ( parent_id=32 )  [ RunTime:0.0003s ]
INFO: [ app_end ] --START--
INFO: Run Behavior\ShowPageTraceBehavior [ RunTime:0.000690s ]
INFO: [ app_end ] --END-- [ RunTime:0.000765s ]

[ 2016-04-25T23:26:19+08:00 ] 127.0.0.1 /index.php/Admin/Blog/showCategory
INFO: [ app_begin ] --START--
INFO: Run Behavior\ReadHtmlCacheBehavior [ RunTime:0.000561s ]
INFO: [ app_begin ] --END-- [ RunTime:0.000975s ]
SQL: SHOW COLUMNS FROM `category` [ RunTime:0.0037s ]
SQL: SELECT * FROM `category` WHERE ( parent_id=33 )  [ RunTime:0.0003s ]
INFO: [ app_end ] --START--
INFO: Run Behavior\ShowPageTraceBehavior [ RunTime:0.000762s ]
INFO: [ app_end ] --END-- [ RunTime:0.000853s ]

[ 2016-04-25T23:26:22+08:00 ] 127.0.0.1 /index.php/Admin/Blog/showCategory
INFO: [ app_begin ] --START--
INFO: Run Behavior\ReadHtmlCacheBehavior [ RunTime:0.001060s ]
INFO: [ app_begin ] --END-- [ RunTime:0.001748s ]
SQL: SHOW COLUMNS FROM `category` [ RunTime:0.0047s ]
SQL: SELECT * FROM `category` WHERE ( parent_id=0 )  [ RunTime:0.0004s ]
INFO: [ app_end ] --START--
INFO: Run Behavior\ShowPageTraceBehavior [ RunTime:0.001200s ]
INFO: [ app_end ] --END-- [ RunTime:0.001314s ]

[ 2016-04-25T23:28:18+08:00 ] 127.0.0.1 /index.php/Admin/Blog/showCategory
INFO: [ app_begin ] --START--
INFO: Run Behavior\ReadHtmlCacheBehavior [ RunTime:0.000574s ]
INFO: [ app_begin ] --END-- [ RunTime:0.000979s ]
SQL: SHOW COLUMNS FROM `category` [ RunTime:0.0033s ]
SQL: SELECT * FROM `category` WHERE ( parent_id=0 )  [ RunTime:0.0003s ]
INFO: [ app_end ] --START--
INFO: Run Behavior\ShowPageTraceBehavior [ RunTime:0.000683s ]
INFO: [ app_end ] --END-- [ RunTime:0.000766s ]

[ 2016-04-25T23:28:20+08:00 ] 127.0.0.1 /index.php/Admin/Blog/showCategory
INFO: [ app_begin ] --START--
INFO: Run Behavior\ReadHtmlCacheBehavior [ RunTime:0.001058s ]
INFO: [ app_begin ] --END-- [ RunTime:0.002109s ]
SQL: SHOW COLUMNS FROM `category` [ RunTime:0.0045s ]
SQL: SELECT * FROM `category` WHERE ( parent_id=0 )  [ RunTime:0.0003s ]
INFO: [ app_end ] --START--
INFO: Run Behavior\ShowPageTraceBehavior [ RunTime:0.001193s ]
INFO: [ app_end ] --END-- [ RunTime:0.001312s ]

[ 2016-04-25T23:28:20+08:00 ] 127.0.0.1 /index.php/Admin/Blog/showCategory
INFO: [ app_begin ] --START--
INFO: Run Behavior\ReadHtmlCacheBehavior [ RunTime:0.000569s ]
INFO: [ app_begin ] --END-- [ RunTime:0.000988s ]
SQL: SHOW COLUMNS FROM `category` [ RunTime:0.0037s ]
SQL: SELECT * FROM `category` WHERE ( parent_id=0 )  [ RunTime:0.0004s ]
INFO: [ app_end ] --START--
INFO: Run Behavior\ShowPageTraceBehavior [ RunTime:0.001348s ]
INFO: [ app_end ] --END-- [ RunTime:0.001488s ]

[ 2016-04-25T23:28:23+08:00 ] 127.0.0.1 /index.php/Admin/Blog/showCategory
INFO: [ app_begin ] --START--
INFO: Run Behavior\ReadHtmlCacheBehavior [ RunTime:0.000598s ]
INFO: [ app_begin ] --END-- [ RunTime:0.001052s ]
SQL: SHOW COLUMNS FROM `category` [ RunTime:0.0037s ]
SQL: SELECT * FROM `category` WHERE ( parent_id=32 )  [ RunTime:0.0004s ]
INFO: [ app_end ] --START--
INFO: Run Behavior\ShowPageTraceBehavior [ RunTime:0.000735s ]
INFO: [ app_end ] --END-- [ RunTime:0.000819s ]

[ 2016-04-25T23:28:25+08:00 ] 127.0.0.1 /index.php/Admin/Blog/showCategory
INFO: [ app_begin ] --START--
INFO: Run Behavior\ReadHtmlCacheBehavior [ RunTime:0.000843s ]
INFO: [ app_begin ] --END-- [ RunTime:0.001309s ]
SQL: SHOW COLUMNS FROM `category` [ RunTime:0.0043s ]
SQL: SELECT * FROM `category` WHERE ( parent_id=33 )  [ RunTime:0.0004s ]
INFO: [ app_end ] --START--
INFO: Run Behavior\ShowPageTraceBehavior [ RunTime:0.000766s ]
INFO: [ app_end ] --END-- [ RunTime:0.000853s ]

[ 2016-04-25T23:28:30+08:00 ] 127.0.0.1 /index.php/Admin/Blog/showCategory
INFO: [ app_begin ] --START--
INFO: Run Behavior\ReadHtmlCacheBehavior [ RunTime:0.000562s ]
INFO: [ app_begin ] --END-- [ RunTime:0.000945s ]
SQL: SHOW COLUMNS FROM `category` [ RunTime:0.0048s ]
SQL: SELECT * FROM `category` WHERE ( parent_id=0 )  [ RunTime:0.0004s ]
INFO: [ app_end ] --START--
INFO: Run Behavior\ShowPageTraceBehavior [ RunTime:0.001171s ]
INFO: [ app_end ] --END-- [ RunTime:0.001292s ]

[ 2016-04-25T23:28:47+08:00 ] 127.0.0.1 /index.php/Admin/Blog/showCategory
INFO: [ app_begin ] --START--
INFO: Run Behavior\ReadHtmlCacheBehavior [ RunTime:0.000809s ]
INFO: [ app_begin ] --END-- [ RunTime:0.001358s ]
SQL: SHOW COLUMNS FROM `category` [ RunTime:0.0039s ]
SQL: SELECT * FROM `category` WHERE ( parent_id=0 )  [ RunTime:0.0003s ]
INFO: [ app_end ] --START--
INFO: Run Behavior\ShowPageTraceBehavior [ RunTime:0.000703s ]
INFO: [ app_end ] --END-- [ RunTime:0.000781s ]

