[ 2016-04-22T14:46:32+08:00 ] 127.0.0.1 /index.php/Admin/User/login
INFO: [ app_init ] --START--
INFO: Run Behavior\BuildLiteBehavior [ RunTime:0.000023s ]
INFO: [ app_init ] --END-- [ RunTime:0.000568s ]
INFO: [ app_begin ] --START--
INFO: Run Behavior\ReadHtmlCacheBehavior [ RunTime:0.000725s ]
INFO: [ app_begin ] --END-- [ RunTime:0.000815s ]
INFO: [ view_parse ] --START--
INFO: [ template_filter ] --START--
INFO: Run Behavior\ContentReplaceBehavior [ RunTime:0.000071s ]
INFO: [ template_filter ] --END-- [ RunTime:0.000152s ]
INFO: Run Behavior\ParseTemplateBehavior [ RunTime:0.007956s ]
INFO: [ view_parse ] --END-- [ RunTime:0.008046s ]
INFO: [ view_filter ] --START--
INFO: Run Behavior\WriteHtmlCacheBehavior [ RunTime:0.000360s ]
INFO: [ view_filter ] --END-- [ RunTime:0.000427s ]
INFO: [ app_end ] --START--
INFO: Run Behavior\ShowPageTraceBehavior [ RunTime:0.000761s ]
INFO: [ app_end ] --END-- [ RunTime:0.000837s ]

[ 2016-04-22T14:46:42+08:00 ] 127.0.0.1 /index.php/Admin/User/login
INFO: [ app_init ] --START--
INFO: Run Behavior\BuildLiteBehavior [ RunTime:0.000029s ]
INFO: [ app_init ] --END-- [ RunTime:0.000809s ]
INFO: [ app_begin ] --START--
INFO: Run Behavior\ReadHtmlCacheBehavior [ RunTime:0.000786s ]
INFO: [ app_begin ] --END-- [ RunTime:0.000885s ]
INFO: [ view_parse ] --START--
INFO: [ template_filter ] --START--
INFO: Run Behavior\ContentReplaceBehavior [ RunTime:0.000057s ]
INFO: [ template_filter ] --END-- [ RunTime:0.000159s ]
INFO: Run Behavior\ParseTemplateBehavior [ RunTime:0.007385s ]
INFO: [ view_parse ] --END-- [ RunTime:0.007487s ]
INFO: [ view_filter ] --START--
INFO: Run Behavior\WriteHtmlCacheBehavior [ RunTime:0.000398s ]
INFO: [ view_filter ] --END-- [ RunTime:0.000468s ]
INFO: [ app_end ] --START--
INFO: Run Behavior\ShowPageTraceBehavior [ RunTime:0.000728s ]
INFO: [ app_end ] --END-- [ RunTime:0.000807s ]

[ 2016-04-22T14:47:21+08:00 ] 127.0.0.1 /index.php/admin/user/login
INFO: [ app_init ] --START--
INFO: Run Behavior\BuildLiteBehavior [ RunTime:0.000020s ]
INFO: [ app_init ] --END-- [ RunTime:0.000409s ]
INFO: [ app_begin ] --START--
INFO: Run Behavior\ReadHtmlCacheBehavior [ RunTime:0.000545s ]
INFO: [ app_begin ] --END-- [ RunTime:0.000622s ]
INFO: [ view_parse ] --START--
INFO: [ template_filter ] --START--
INFO: Run Behavior\ContentReplaceBehavior [ RunTime:0.000055s ]
INFO: [ template_filter ] --END-- [ RunTime:0.000141s ]
INFO: Run Behavior\ParseTemplateBehavior [ RunTime:0.005944s ]
INFO: [ view_parse ] --END-- [ RunTime:0.006034s ]
INFO: [ view_filter ] --START--
INFO: Run Behavior\WriteHtmlCacheBehavior [ RunTime:0.000257s ]
INFO: [ view_filter ] --END-- [ RunTime:0.000324s ]
INFO: [ app_end ] --START--
INFO: Run Behavior\ShowPageTraceBehavior [ RunTime:0.000562s ]
INFO: [ app_end ] --END-- [ RunTime:0.000632s ]

[ 2016-04-22T14:49:50+08:00 ] 127.0.0.1 /index.php/admin/user/login
INFO: [ app_init ] --START--
INFO: Run Behavior\BuildLiteBehavior [ RunTime:0.000020s ]
INFO: [ app_init ] --END-- [ RunTime:0.000462s ]
INFO: [ app_begin ] --START--
INFO: Run Behavior\ReadHtmlCacheBehavior [ RunTime:0.000683s ]
INFO: [ app_begin ] --END-- [ RunTime:0.000768s ]
INFO: [ view_parse ] --START--
INFO: [ template_filter ] --START--
INFO: Run Behavior\ContentReplaceBehavior [ RunTime:0.000063s ]
INFO: [ template_filter ] --END-- [ RunTime:0.000151s ]
NOTIC: [8] Undefined variable: username D:\learn\Runtime\Cache\Admin\f8cdeaa321c980207292e112e04b768c.php 第 13 行.
NOTIC: [8] Undefined variable: password D:\learn\Runtime\Cache\Admin\f8cdeaa321c980207292e112e04b768c.php 第 14 行.
INFO: Run Behavior\ParseTemplateBehavior [ RunTime:0.007192s ]
INFO: [ view_parse ] --END-- [ RunTime:0.007267s ]
INFO: [ view_filter ] --START--
INFO: Run Behavior\WriteHtmlCacheBehavior [ RunTime:0.000358s ]
INFO: [ view_filter ] --END-- [ RunTime:0.000423s ]
INFO: [ app_end ] --START--
INFO: Run Behavior\ShowPageTraceBehavior [ RunTime:0.000701s ]
INFO: [ app_end ] --END-- [ RunTime:0.000789s ]

[ 2016-04-22T14:49:50+08:00 ] 127.0.0.1 /index.php/admin/user/index.php?c=b/login&a=captcha
INFO: [ app_init ] --START--
INFO: Run Behavior\BuildLiteBehavior [ RunTime:0.000028s ]
INFO: [ app_init ] --END-- [ RunTime:0.000683s ]
INFO: [ app_begin ] --START--
INFO: Run Behavior\ReadHtmlCacheBehavior [ RunTime:0.000732s ]
INFO: [ app_begin ] --END-- [ RunTime:0.000824s ]
ERR: 非法操作:index.php

[ 2016-04-22T14:51:03+08:00 ] 127.0.0.1 /index.php/admin/user/login
INFO: [ app_init ] --START--
INFO: Run Behavior\BuildLiteBehavior [ RunTime:0.000023s ]
INFO: [ app_init ] --END-- [ RunTime:0.000475s ]
INFO: [ app_begin ] --START--
INFO: Run Behavior\ReadHtmlCacheBehavior [ RunTime:0.000590s ]
INFO: [ app_begin ] --END-- [ RunTime:0.000677s ]
INFO: [ view_parse ] --START--
INFO: [ template_filter ] --START--
INFO: Run Behavior\ContentReplaceBehavior [ RunTime:0.000062s ]
INFO: [ template_filter ] --END-- [ RunTime:0.000152s ]
NOTIC: [8] Undefined variable: username D:\learn\Runtime\Cache\Admin\f8cdeaa321c980207292e112e04b768c.php 第 13 行.
NOTIC: [8] Undefined variable: password D:\learn\Runtime\Cache\Admin\f8cdeaa321c980207292e112e04b768c.php 第 14 行.
INFO: Run Behavior\ParseTemplateBehavior [ RunTime:0.007480s ]
INFO: [ view_parse ] --END-- [ RunTime:0.007558s ]
INFO: [ view_filter ] --START--
INFO: Run Behavior\WriteHtmlCacheBehavior [ RunTime:0.000374s ]
INFO: [ view_filter ] --END-- [ RunTime:0.000441s ]
INFO: [ app_end ] --START--
INFO: Run Behavior\ShowPageTraceBehavior [ RunTime:0.000669s ]
INFO: [ app_end ] --END-- [ RunTime:0.000743s ]

[ 2016-04-22T14:51:03+08:00 ] 127.0.0.1 /index.php/admin/user/index.php?c=b/login&a=captcha
INFO: [ app_init ] --START--
INFO: Run Behavior\BuildLiteBehavior [ RunTime:0.000021s ]
INFO: [ app_init ] --END-- [ RunTime:0.000434s ]
INFO: [ app_begin ] --START--
INFO: Run Behavior\ReadHtmlCacheBehavior [ RunTime:0.000582s ]
INFO: [ app_begin ] --END-- [ RunTime:0.000668s ]
ERR: 非法操作:index.php

[ 2016-04-22T14:51:04+08:00 ] 127.0.0.1 /index.php/admin/user/login
INFO: [ app_init ] --START--
INFO: Run Behavior\BuildLiteBehavior [ RunTime:0.000019s ]
INFO: [ app_init ] --END-- [ RunTime:0.000403s ]
INFO: [ app_begin ] --START--
INFO: Run Behavior\ReadHtmlCacheBehavior [ RunTime:0.000539s ]
INFO: [ app_begin ] --END-- [ RunTime:0.000614s ]
INFO: [ view_parse ] --START--
INFO: [ template_filter ] --START--
INFO: Run Behavior\ContentReplaceBehavior [ RunTime:0.000061s ]
INFO: [ template_filter ] --END-- [ RunTime:0.000146s ]
NOTIC: [8] Undefined variable: username D:\learn\Runtime\Cache\Admin\f8cdeaa321c980207292e112e04b768c.php 第 13 行.
NOTIC: [8] Undefined variable: password D:\learn\Runtime\Cache\Admin\f8cdeaa321c980207292e112e04b768c.php 第 14 行.
INFO: Run Behavior\ParseTemplateBehavior [ RunTime:0.006836s ]
INFO: [ view_parse ] --END-- [ RunTime:0.006910s ]
INFO: [ view_filter ] --START--
INFO: Run Behavior\WriteHtmlCacheBehavior [ RunTime:0.000277s ]
INFO: [ view_filter ] --END-- [ RunTime:0.000343s ]
INFO: [ app_end ] --START--
INFO: Run Behavior\ShowPageTraceBehavior [ RunTime:0.000564s ]
INFO: [ app_end ] --END-- [ RunTime:0.000634s ]

[ 2016-04-22T14:51:04+08:00 ] 127.0.0.1 /index.php/admin/user/index.php?c=b/login&a=captcha
INFO: [ app_init ] --START--
INFO: Run Behavior\BuildLiteBehavior [ RunTime:0.000020s ]
INFO: [ app_init ] --END-- [ RunTime:0.000426s ]
INFO: [ app_begin ] --START--
INFO: Run Behavior\ReadHtmlCacheBehavior [ RunTime:0.000585s ]
INFO: [ app_begin ] --END-- [ RunTime:0.000668s ]
ERR: 非法操作:index.php

[ 2016-04-22T14:51:12+08:00 ] 127.0.0.1 /index.php/admin/user/login
INFO: [ app_init ] --START--
INFO: Run Behavior\BuildLiteBehavior [ RunTime:0.000020s ]
INFO: [ app_init ] --END-- [ RunTime:0.000493s ]
INFO: [ app_begin ] --START--
INFO: Run Behavior\ReadHtmlCacheBehavior [ RunTime:0.000741s ]
INFO: [ app_begin ] --END-- [ RunTime:0.000828s ]
INFO: [ view_parse ] --START--
INFO: [ template_filter ] --START--
INFO: Run Behavior\ContentReplaceBehavior [ RunTime:0.000066s ]
INFO: [ template_filter ] --END-- [ RunTime:0.000163s ]
NOTIC: [8] Undefined variable: username D:\learn\Runtime\Cache\Admin\f8cdeaa321c980207292e112e04b768c.php 第 13 行.
NOTIC: [8] Undefined variable: password D:\learn\Runtime\Cache\Admin\f8cdeaa321c980207292e112e04b768c.php 第 14 行.
INFO: Run Behavior\ParseTemplateBehavior [ RunTime:0.007953s ]
INFO: [ view_parse ] --END-- [ RunTime:0.008044s ]
INFO: [ view_filter ] --START--
INFO: Run Behavior\WriteHtmlCacheBehavior [ RunTime:0.000399s ]
INFO: [ view_filter ] --END-- [ RunTime:0.000475s ]
INFO: [ app_end ] --START--
INFO: Run Behavior\ShowPageTraceBehavior [ RunTime:0.000841s ]
INFO: [ app_end ] --END-- [ RunTime:0.000925s ]

[ 2016-04-22T14:51:12+08:00 ] 127.0.0.1 /index.php/admin/user/index.php?c=b/login&a=captcha
INFO: [ app_init ] --START--
INFO: Run Behavior\BuildLiteBehavior [ RunTime:0.000035s ]
INFO: [ app_init ] --END-- [ RunTime:0.000766s ]
INFO: [ app_begin ] --START--
INFO: Run Behavior\ReadHtmlCacheBehavior [ RunTime:0.000666s ]
INFO: [ app_begin ] --END-- [ RunTime:0.000770s ]
ERR: 非法操作:index.php

[ 2016-04-22T14:51:29+08:00 ] 127.0.0.1 /index.php/admin/user/login
INFO: [ app_init ] --START--
INFO: Run Behavior\BuildLiteBehavior [ RunTime:0.000021s ]
INFO: [ app_init ] --END-- [ RunTime:0.000431s ]
INFO: [ app_begin ] --START--
INFO: Run Behavior\ReadHtmlCacheBehavior [ RunTime:0.000604s ]
INFO: [ app_begin ] --END-- [ RunTime:0.000694s ]
INFO: [ view_parse ] --START--
INFO: [ template_filter ] --START--
INFO: Run Behavior\ContentReplaceBehavior [ RunTime:0.000064s ]
INFO: [ template_filter ] --END-- [ RunTime:0.000167s ]
INFO: Run Behavior\ParseTemplateBehavior [ RunTime:0.007100s ]
INFO: [ view_parse ] --END-- [ RunTime:0.007192s ]
INFO: [ view_filter ] --START--
INFO: Run Behavior\WriteHtmlCacheBehavior [ RunTime:0.000269s ]
INFO: [ view_filter ] --END-- [ RunTime:0.000334s ]
INFO: [ app_end ] --START--
INFO: Run Behavior\ShowPageTraceBehavior [ RunTime:0.000568s ]
INFO: [ app_end ] --END-- [ RunTime:0.000637s ]

[ 2016-04-22T14:51:29+08:00 ] 127.0.0.1 /index.php/admin/user/index.php?c=b/login&a=captcha
INFO: [ app_init ] --START--
INFO: Run Behavior\BuildLiteBehavior [ RunTime:0.000020s ]
INFO: [ app_init ] --END-- [ RunTime:0.000425s ]
INFO: [ app_begin ] --START--
INFO: Run Behavior\ReadHtmlCacheBehavior [ RunTime:0.000559s ]
INFO: [ app_begin ] --END-- [ RunTime:0.000640s ]
ERR: 非法操作:index.php

[ 2016-04-22T15:06:10+08:00 ] 127.0.0.1 /index.php/admin/user/login
INFO: [ app_init ] --START--
INFO: Run Behavior\BuildLiteBehavior [ RunTime:0.000036s ]
INFO: [ app_init ] --END-- [ RunTime:0.000912s ]
INFO: [ app_begin ] --START--
INFO: Run Behavior\ReadHtmlCacheBehavior [ RunTime:0.001291s ]
INFO: [ app_begin ] --END-- [ RunTime:0.001460s ]
INFO: [ view_parse ] --START--
INFO: [ template_filter ] --START--
INFO: Run Behavior\ContentReplaceBehavior [ RunTime:0.000070s ]
INFO: [ template_filter ] --END-- [ RunTime:0.000171s ]
INFO: Run Behavior\ParseTemplateBehavior [ RunTime:0.007910s ]
INFO: [ view_parse ] --END-- [ RunTime:0.008015s ]
INFO: [ view_filter ] --START--
INFO: Run Behavior\WriteHtmlCacheBehavior [ RunTime:0.000431s ]
INFO: [ view_filter ] --END-- [ RunTime:0.000504s ]
INFO: [ app_end ] --START--
INFO: Run Behavior\ShowPageTraceBehavior [ RunTime:0.001158s ]
INFO: [ app_end ] --END-- [ RunTime:0.001313s ]

[ 2016-04-22T15:06:10+08:00 ] 127.0.0.1 /index.php/admin/user/index.php?c=b/login&a=captcha
INFO: [ app_init ] --START--
INFO: Run Behavior\BuildLiteBehavior [ RunTime:0.000030s ]
INFO: [ app_init ] --END-- [ RunTime:0.000697s ]
INFO: [ app_begin ] --START--
INFO: Run Behavior\ReadHtmlCacheBehavior [ RunTime:0.000766s ]
INFO: [ app_begin ] --END-- [ RunTime:0.000857s ]
ERR: 非法操作:index.php

[ 2016-04-22T15:26:37+08:00 ] 127.0.0.1 /index.php/admin/
INFO: [ app_init ] --START--
INFO: Run Behavior\BuildLiteBehavior [ RunTime:0.000024s ]
INFO: [ app_init ] --END-- [ RunTime:0.000606s ]
INFO: [ app_begin ] --START--
INFO: Run Behavior\ReadHtmlCacheBehavior [ RunTime:0.000807s ]
INFO: [ app_begin ] --END-- [ RunTime:0.000906s ]
ERR: 模板不存在:D:/learn/Admin/View/Index/index.html

[ 2016-04-22T15:26:44+08:00 ] 127.0.0.1 /index.php/admin/user/index.php?c=b/login&a=captcha
INFO: [ app_init ] --START--
INFO: Run Behavior\BuildLiteBehavior [ RunTime:0.000028s ]
INFO: [ app_init ] --END-- [ RunTime:0.000667s ]
INFO: [ app_begin ] --START--
INFO: Run Behavior\ReadHtmlCacheBehavior [ RunTime:0.000830s ]
INFO: [ app_begin ] --END-- [ RunTime:0.000940s ]
ERR: 非法操作:index.php

[ 2016-04-22T15:26:58+08:00 ] 127.0.0.1 /index.php/admin/user/
INFO: [ app_init ] --START--
INFO: Run Behavior\BuildLiteBehavior [ RunTime:0.000021s ]
INFO: [ app_init ] --END-- [ RunTime:0.000439s ]
INFO: [ app_begin ] --START--
INFO: Run Behavior\ReadHtmlCacheBehavior [ RunTime:0.000608s ]
INFO: [ app_begin ] --END-- [ RunTime:0.000692s ]
ERR: 非法操作:index

[ 2016-04-22T15:27:53+08:00 ] 127.0.0.1 /index.php/admin/user/index
INFO: [ app_init ] --START--
INFO: Run Behavior\BuildLiteBehavior [ RunTime:0.000034s ]
INFO: [ app_init ] --END-- [ RunTime:0.000615s ]
INFO: [ app_begin ] --START--
INFO: Run Behavior\ReadHtmlCacheBehavior [ RunTime:0.000958s ]
INFO: [ app_begin ] --END-- [ RunTime:0.001098s ]
ERR: 非法操作:index

[ 2016-04-22T15:28:00+08:00 ] 127.0.0.1 /index.php/admin/user/login
INFO: [ app_init ] --START--
INFO: Run Behavior\BuildLiteBehavior [ RunTime:0.000020s ]
INFO: [ app_init ] --END-- [ RunTime:0.000485s ]
INFO: [ app_begin ] --START--
INFO: Run Behavior\ReadHtmlCacheBehavior [ RunTime:0.000776s ]
INFO: [ app_begin ] --END-- [ RunTime:0.000860s ]
INFO: [ view_parse ] --START--
INFO: [ template_filter ] --START--
INFO: Run Behavior\ContentReplaceBehavior [ RunTime:0.000071s ]
INFO: [ template_filter ] --END-- [ RunTime:0.000175s ]
INFO: Run Behavior\ParseTemplateBehavior [ RunTime:0.008443s ]
INFO: [ view_parse ] --END-- [ RunTime:0.008539s ]
INFO: [ view_filter ] --START--
INFO: Run Behavior\WriteHtmlCacheBehavior [ RunTime:0.000406s ]
INFO: [ view_filter ] --END-- [ RunTime:0.000479s ]
INFO: [ app_end ] --START--
INFO: Run Behavior\ShowPageTraceBehavior [ RunTime:0.000733s ]
INFO: [ app_end ] --END-- [ RunTime:0.000809s ]

[ 2016-04-22T15:28:00+08:00 ] 127.0.0.1 /index.php/admin/user/index.php?c=b/login&a=captcha
INFO: [ app_init ] --START--
INFO: Run Behavior\BuildLiteBehavior [ RunTime:0.000030s ]
INFO: [ app_init ] --END-- [ RunTime:0.000779s ]
INFO: [ app_begin ] --START--
INFO: Run Behavior\ReadHtmlCacheBehavior [ RunTime:0.001047s ]
INFO: [ app_begin ] --END-- [ RunTime:0.001217s ]
ERR: 非法操作:index.php

[ 2016-04-22T16:41:25+08:00 ] 127.0.0.1 /index.php/admin/user/index.php?c=b/login&a=captcha
ERR: 非法操作:index.php

[ 2016-04-22T16:41:31+08:00 ] 127.0.0.1 /index.php/admin/user/index.php?c=b/login&a=captcha
ERR: 非法操作:index.php

[ 2016-04-22T16:41:51+08:00 ] 127.0.0.1 /index.php/admin/user/index.php?c=b/login&a=captcha
ERR: 非法操作:index.php

[ 2016-04-22T16:41:55+08:00 ] 127.0.0.1 /index.php/admin/user/index.php?c=b/login&a=captcha
ERR: 非法操作:index.php

[ 2016-04-22T16:41:55+08:00 ] 127.0.0.1 /index.php/admin/user/index.php?c=b/login&a=captcha
ERR: 非法操作:index.php

[ 2016-04-22T16:41:56+08:00 ] 127.0.0.1 /index.php/admin/user/index.php?c=b/login&a=captcha
ERR: 非法操作:index.php

[ 2016-04-22T16:41:56+08:00 ] 127.0.0.1 /index.php/admin/user/index.php?c=b/login&a=captcha
ERR: 非法操作:index.php

[ 2016-04-22T16:41:57+08:00 ] 127.0.0.1 /index.php/admin/user/index.php?c=b/login&a=captcha
ERR: 非法操作:index.php

[ 2016-04-22T16:41:57+08:00 ] 127.0.0.1 /index.php/admin/user/index.php?c=b/login&a=captcha
ERR: 非法操作:index.php

[ 2016-04-22T16:41:57+08:00 ] 127.0.0.1 /index.php/admin/user/index.php?c=b/login&a=captcha
ERR: 非法操作:index.php

[ 2016-04-22T16:41:57+08:00 ] 127.0.0.1 /index.php/admin/user/index.php?c=b/login&a=captcha
ERR: 非法操作:index.php

[ 2016-04-22T16:42:06+08:00 ] 127.0.0.1 /index.php/admin/user/index.php?c=b/login&a=captcha
ERR: 非法操作:index.php

[ 2016-04-22T16:42:06+08:00 ] 127.0.0.1 /index.php/admin/user/index.php?c=b/login&a=captcha
ERR: 非法操作:index.php

[ 2016-04-22T16:42:07+08:00 ] 127.0.0.1 /index.php/admin/user/index.php?c=b/login&a=captcha
ERR: 非法操作:index.php

[ 2016-04-22T16:42:07+08:00 ] 127.0.0.1 /index.php/admin/user/index.php?c=b/login&a=captcha
ERR: 非法操作:index.php

[ 2016-04-22T16:42:07+08:00 ] 127.0.0.1 /index.php/admin/user/index.php?c=b/login&a=captcha
ERR: 非法操作:index.php

[ 2016-04-22T16:42:19+08:00 ] 127.0.0.1 /index.php/admin/user/index.php?c=b/login&a=captcha
ERR: 非法操作:index.php

[ 2016-04-22T16:42:19+08:00 ] 127.0.0.1 /index.php/admin/user/index.php?c=b/login&a=captcha
ERR: 非法操作:index.php

[ 2016-04-22T16:42:20+08:00 ] 127.0.0.1 /index.php/admin/user/index.php?c=b/login&a=captcha
ERR: 非法操作:index.php

[ 2016-04-22T16:42:20+08:00 ] 127.0.0.1 /index.php/admin/user/index.php?c=b/login&a=captcha
ERR: 非法操作:index.php

[ 2016-04-22T16:45:31+08:00 ] 127.0.0.1 /index.php/admin/user/index.php?c=b/login&a=captcha
ERR: 非法操作:index.php

[ 2016-04-22T16:45:32+08:00 ] 127.0.0.1 /index.php/admin/user/index.php?c=b/login&a=captcha
ERR: 非法操作:index.php

[ 2016-04-22T16:45:33+08:00 ] 127.0.0.1 /index.php/admin/user/index.php?c=b/login&a=captcha
ERR: 非法操作:index.php

[ 2016-04-22T16:45:33+08:00 ] 127.0.0.1 /index.php/admin/user/index.php?c=b/login&a=captcha
ERR: 非法操作:index.php

[ 2016-04-22T16:45:33+08:00 ] 127.0.0.1 /index.php/admin/user/index.php?c=b/login&a=captcha
ERR: 非法操作:index.php

[ 2016-04-22T16:45:34+08:00 ] 127.0.0.1 /index.php/admin/user/index.php?c=b/login&a=captcha
ERR: 非法操作:index.php

[ 2016-04-22T16:45:34+08:00 ] 127.0.0.1 /index.php/admin/user/index.php?c=b/login&a=captcha
ERR: 非法操作:index.php

[ 2016-04-22T16:46:08+08:00 ] 127.0.0.1 /index.php/admin/user/
ERR: 非法操作:index

[ 2016-04-22T16:46:32+08:00 ] 127.0.0.1 /index.php/admin/user/
ERR: 非法操作:index

[ 2016-04-22T16:46:41+08:00 ] 127.0.0.1 /index.php/admin/user/
ERR: 非法操作:index

[ 2016-04-22T16:46:41+08:00 ] 127.0.0.1 /index.php/admin/user/
ERR: 非法操作:index

[ 2016-04-22T16:46:42+08:00 ] 127.0.0.1 /index.php/admin/user/
ERR: 非法操作:index

[ 2016-04-22T16:46:42+08:00 ] 127.0.0.1 /index.php/admin/user/
ERR: 非法操作:index

[ 2016-04-22T16:46:42+08:00 ] 127.0.0.1 /index.php/admin/user/
ERR: 非法操作:index

[ 2016-04-22T16:46:42+08:00 ] 127.0.0.1 /index.php/admin/user/
ERR: 非法操作:index

[ 2016-04-22T16:46:48+08:00 ] 127.0.0.1 /index.php/admin/user/index.php?c=b/login&a=captcha
ERR: 非法操作:index.php

[ 2016-04-22T16:47:10+08:00 ] 127.0.0.1 /index.php/admin/index/index
ERR: 模板不存在:D:/learn/Admin/View/Index/index.html

[ 2016-04-22T16:49:42+08:00 ] 127.0.0.1 /index.php/admin/Index/backend/js/jquery.js
ERR: 非法操作:backend

[ 2016-04-22T16:49:42+08:00 ] 127.0.0.1 /index.php/admin/Index/backend/css/common.css
ERR: 非法操作:backend

[ 2016-04-22T16:49:42+08:00 ] 127.0.0.1 /index.php/admin/Index/backend/js/base.js
ERR: 非法操作:backend

[ 2016-04-22T16:50:06+08:00 ] 127.0.0.1 /index.php/admin/Index/backend/css/common.css
ERR: 非法操作:backend

[ 2016-04-22T16:50:06+08:00 ] 127.0.0.1 /index.php/admin/Index/backend/js/jquery.js
ERR: 非法操作:backend

[ 2016-04-22T16:50:06+08:00 ] 127.0.0.1 /index.php/admin/Index/backend/js/base.js
ERR: 非法操作:backend

[ 2016-04-22T16:50:08+08:00 ] 127.0.0.1 /index.php/admin/Index/backend/js/jquery.js
ERR: 非法操作:backend

[ 2016-04-22T16:50:08+08:00 ] 127.0.0.1 /index.php/admin/Index/backend/js/base.js
ERR: 非法操作:backend

[ 2016-04-22T16:50:08+08:00 ] 127.0.0.1 /index.php/admin/Index/backend/css/common.css
ERR: 非法操作:backend

[ 2016-04-22T16:50:09+08:00 ] 127.0.0.1 /index.php/admin/Index/backend/js/base.js
ERR: 非法操作:backend

[ 2016-04-22T16:50:09+08:00 ] 127.0.0.1 /index.php/admin/Index/backend/js/jquery.js
ERR: 非法操作:backend

[ 2016-04-22T16:50:09+08:00 ] 127.0.0.1 /index.php/admin/Index/backend/css/common.css
ERR: 非法操作:backend

[ 2016-04-22T16:50:09+08:00 ] 127.0.0.1 /index.php/admin/Index/backend/js/base.js
ERR: 非法操作:backend

[ 2016-04-22T16:50:09+08:00 ] 127.0.0.1 /index.php/admin/Index/backend/js/jquery.js
ERR: 非法操作:backend

[ 2016-04-22T16:50:09+08:00 ] 127.0.0.1 /index.php/admin/Index/backend/css/common.css
ERR: 非法操作:backend

[ 2016-04-22T16:50:11+08:00 ] 127.0.0.1 /index.php/admin/Index/backend/js/jquery.js
ERR: 非法操作:backend

[ 2016-04-22T16:50:11+08:00 ] 127.0.0.1 /index.php/admin/Index/backend/js/base.js
ERR: 非法操作:backend

[ 2016-04-22T16:50:11+08:00 ] 127.0.0.1 /index.php/admin/Index/backend/css/common.css
ERR: 非法操作:backend

[ 2016-04-22T16:50:18+08:00 ] 127.0.0.1 /index.php/admin/Index/backend/css/common.css
ERR: 非法操作:backend

[ 2016-04-22T16:50:29+08:00 ] 127.0.0.1 /index.php/admin/Index/backend/js/jquery.js
ERR: 非法操作:backend

[ 2016-04-22T16:50:29+08:00 ] 127.0.0.1 /index.php/admin/Index/backend/css/common.css
ERR: 非法操作:backend

[ 2016-04-22T16:50:29+08:00 ] 127.0.0.1 /index.php/admin/Index/backend/js/base.js
ERR: 非法操作:backend

[ 2016-04-22T16:50:30+08:00 ] 127.0.0.1 /index.php/admin/Index/backend/js/base.js
ERR: 非法操作:backend

[ 2016-04-22T16:50:30+08:00 ] 127.0.0.1 /index.php/admin/Index/backend/css/common.css
ERR: 非法操作:backend

[ 2016-04-22T16:50:30+08:00 ] 127.0.0.1 /index.php/admin/Index/backend/js/jquery.js
ERR: 非法操作:backend

[ 2016-04-22T16:50:30+08:00 ] 127.0.0.1 /index.php/admin/Index/backend/js/jquery.js
ERR: 非法操作:backend

[ 2016-04-22T16:50:30+08:00 ] 127.0.0.1 /index.php/admin/Index/backend/js/base.js
ERR: 非法操作:backend

[ 2016-04-22T16:50:30+08:00 ] 127.0.0.1 /index.php/admin/Index/backend/css/common.css
ERR: 非法操作:backend

[ 2016-04-22T16:51:00+08:00 ] 127.0.0.1 /index.php/admin/Index/index.php?c=b/Main&a=index
ERR: 非法操作:index.php

[ 2016-04-22T17:01:52+08:00 ] 127.0.0.1 /index.php/admin/user/index.php?c=b/login&a=captcha
ERR: 非法操作:index.php

[ 2016-04-22T20:21:39+08:00 ] 127.0.0.1 /index.php/admin/user/index.php?c=b/login&a=captcha
ERR: 非法操作:index.php

[ 2016-04-22T20:22:06+08:00 ] 127.0.0.1 /index.php/admin/user
ERR: 非法操作:index

[ 2016-04-22T20:22:11+08:00 ] 127.0.0.1 /index.php/admin/user/index
ERR: 非法操作:index

[ 2016-04-22T20:22:13+08:00 ] 127.0.0.1 /index.php/admin/user/index
ERR: 非法操作:index

[ 2016-04-22T20:22:15+08:00 ] 127.0.0.1 /index.php/admin/user
ERR: 非法操作:index

[ 2016-04-22T20:22:34+08:00 ] 127.0.0.1 /index.php/admin/user/index.php?c=b/login&a=captcha
ERR: 非法操作:index.php

